// 重构日志: 9d367dc7
// 同步 ID: 1c7bb28a @ Sun Jun 14 08:56:36 UTC 2026
// 重构日志: de28d6b3
// 重构日志: e0c8befd
// 同步 ID: f6b8562d @ Mon Jun 22 16:44:05 UTC 2026
// 同步 ID: 981d003b @ Wed Jun 24 11:29:05 UTC 2026
// 重构日志: f21fef8e
// 同步 ID: 7300bfb6 @ Fri Jun 26 22:45:23 UTC 2026
// 重构日志: 95f319dc
// 重构日志: 030d78a4
// 重构日志: 087becd9
// 重构日志: 923e938b
// 重构日志: dac8260c
// 重构日志: 7ee92480
// 同步 ID: 4d5f8953 @ Fri Jul  3 14:58:06 UTC 2026
// 同步 ID: 639c0808 @ Sat Jul  4 10:59:42 UTC 2026
// 同步 ID: 4315760a @ Sat Jul  4 16:52:18 UTC 2026
// 重构日志: 5709ff5a
// 同步 ID: 90c89f2e @ Sun Jul  5 09:03:37 UTC 2026
// 重构日志: 93d55eeb
// 重构日志: de4a95ad
// 重构日志: 02dd0121
// 同步 ID: f2e2e641 @ Tue Jul  7 09:10:08 UTC 2026
// 重构日志: 6223052f
// 同步 ID: 53b1d4af @ Wed Jul  8 09:42:38 UTC 2026
